"../../../../../the island/project/SWProject/Content/images_1.uasset" 0
"../../../Engine/Content/Functions/Engine_MaterialFunctions01/AlphaBlend/WorldAlignedBlend.uasset" 1
"../../../../../the island/project/SWProject/Content/assets/Textures/T_Ground_Gravel_D.uasset" 2
"../../../../../the island/project/SWProject/Content/assets/Textures/T_Ground_Gravel_N.uasset" 3
"../../../../../the island/project/SWProject/Content/assets/Textures/T_MacroVariation.uasset" 4
"../../../../../the island/project/SWProject/Content/assets/Textures/T_Perlin_Noise_M.uasset" 5
"../../../../../the island/project/SWProject/Content/materials/Dirt.uasset" 6
"../../../../../the island/project/SWProject/Content/assets/Textures/T_Ground_Grass_D.uasset" 7
"../../../../../the island/project/SWProject/Content/assets/Textures/T_Ground_Grass_N.uasset" 8
"../../../../../the island/project/SWProject/Content/materials/Grass.uasset" 9
"../../../Engine/Content/Functions/Engine_MaterialFunctions02/Utility/BlendAngleCorrectedNormals.uasset" 10
"../../../../../the island/project/SWProject/Content/assets/Textures/T_Metal_Rust_D.uasset" 11
"../../../../../the island/project/SWProject/Content/assets/Textures/T_Metal_Rust_N.uasset" 12
"../../../../../the island/project/SWProject/Content/materials/Path.uasset" 13
"../../../../../the island/project/SWProject/Content/assets/Textures/T_Concrete_Poured_D.uasset" 14
"../../../../../the island/project/SWProject/Content/assets/Textures/T_Concrete_Poured_N.uasset" 15
"../../../../../the island/project/SWProject/Content/materials/Snow.uasset" 16
"../../../../../the island/project/SWProject/Content/assets/Textures/T_Rock_Basalt_D.uasset" 17
"../../../../../the island/project/SWProject/Content/assets/Textures/T_Rock_Basalt_N.uasset" 18
"../../../../../the island/project/SWProject/Content/materials/Stone.uasset" 19
"../../../Engine/Content/EngineMaterials/WeightMapPlaceholderTexture.uasset" 20
"../../../../../the island/project/SWProject/Content/materials/M_LandscapeAutoMaterial.uasset" 21
"../../../../../the island/project/SWProject/Content/materials/M_LandscapeAutoMaterial_Inst.uasset" 22
"../../../../../the island/project/SWProject/Content/M_LandscapeAutoMaterial_Inst.uasset" 23
"../../../Engine/Content/Animation/DefaultAnimBoneCompressionSettings.uasset" 24
"../../../../../the island/project/SWProject/Content/assets/characters/swatGuy/swatGuy_Skeleton.uasset" 25
"../../../../../the island/project/SWProject/Content/assets/characters/swatGuy/animations/Defeated.uasset" 26
"../../../../../the island/project/SWProject/Content/assets/characters/swatGuy/animations/pickup.uasset" 27
"../../../../../the island/project/SWProject/Content/assets/characters/swatGuy/animations/idlePickUp.uasset" 28
"../../../../../the island/project/SWProject/Content/assets/weapons/glock1/T_glockColor.uasset" 29
"../../../../../the island/project/SWProject/Content/assets/weapons/glock1/T_glockNormal.uasset" 30
"../../../../../the island/project/SWProject/Content/assets/weapons/glock1/M_glock.uasset" 31
"../../../../../the island/project/SWProject/Content/assets/weapons/glock1/GlockMagazine.uasset" 32
"../../../../../the island/project/SWProject/Content/bluePrints/gameInstanceBP.uasset" 33
"../../../../../the island/project/SWProject/Content/bluePrints/saveGameBP.uasset" 34
"../../../../../the island/project/SWProject/Content/Geometry/Meshes/CubeMaterial.uasset" 35
"../../../../../the island/project/SWProject/Content/Geometry/Meshes/1M_Cube.uasset" 36
"../../../../../the island/project/SWProject/Content/Geometry/Meshes/1M_Cube_Chamfer.uasset" 37
"../../../../../the island/project/SWProject/Content/Geometry/Meshes/TemplateFloor.uasset" 38
"../../../../../the island/project/SWProject/Content/Mannequin/Character/Mesh/UE4_Mannequin_Skeleton.uasset" 39
"../../../../../the island/project/SWProject/Content/Mannequin/Animations/ThirdPersonJump_End.uasset" 40
"../../../../../the island/project/SWProject/Content/Mannequin/Animations/ThirdPerson_Jump.uasset" 41
"../../../../../the island/project/SWProject/Content/Mannequin/Animations/ThirdPersonJump_Loop.uasset" 42
"../../../../../the island/project/SWProject/Content/Mannequin/Animations/ThirdPersonJump_Start.uasset" 43
"../../../../../the island/project/SWProject/Content/Mannequin/Animations/ThirdPersonIdle.uasset" 44
"../../../../../the island/project/SWProject/Content/Mannequin/Animations/ThirdPersonRun.uasset" 45
"../../../../../the island/project/SWProject/Content/Mannequin/Animations/ThirdPersonWalk.uasset" 46
"../../../../../the island/project/SWProject/Content/Mannequin/Animations/ThirdPerson_IdleRun_2D.uasset" 47
"../../../Engine/Content/EditorBlueprintResources/StandardMacros.uasset" 48
"../../../../../the island/project/SWProject/Content/Mannequin/Animations/ThirdPerson_AnimBP.uasset" 49
"../../../Engine/Content/Functions/MaterialLayerFunctions/MatLayerBlend_NormalBlend.uasset" 50
"../../../Engine/Content/Functions/MaterialLayerFunctions/MatLayerBlend_Simple.uasset" 51
"../../../../../the island/project/SWProject/Content/Mannequin/Character/Materials/MaterialLayers/T_ML_Rubber_Blue_01_D.uasset" 52
"../../../../../the island/project/SWProject/Content/Mannequin/Character/Materials/MaterialLayers/T_ML_Rubber_Blue_01_N.uasset" 53
"../../../../../the island/project/SWProject/Content/Mannequin/Character/Materials/MaterialLayers/ML_GlossyBlack_Latex_UE4.uasset" 54
"../../../../../the island/project/SWProject/Content/Mannequin/Character/Materials/MaterialLayers/ML_Plastic_Shiny_Beige.uasset" 55
"../../../../../the island/project/SWProject/Content/Mannequin/Character/Textures/UE4_LOGO_CARD.uasset" 56
"../../../../../the island/project/SWProject/Content/Mannequin/Character/Materials/MaterialLayers/ML_Plastic_Shiny_Beige_LOGO.uasset" 57
"../../../../../the island/project/SWProject/Content/Mannequin/Character/Materials/MaterialLayers/T_ML_Aluminum01.uasset" 58
"../../../../../the island/project/SWProject/Content/Mannequin/Character/Materials/MaterialLayers/T_ML_Aluminum01_N.uasset" 59
"../../../../../the island/project/SWProject/Content/Mannequin/Character/Materials/MaterialLayers/ML_SoftMetal_UE4.uasset" 60
"../../../../../the island/project/SWProject/Content/Mannequin/Character/Textures/UE4_Mannequin__normals.uasset" 61
"../../../../../the island/project/SWProject/Content/Mannequin/Character/Textures/UE4_Mannequin_MAT_MASKA.uasset" 62
"../../../../../the island/project/SWProject/Content/Mannequin/Character/Materials/M_UE4Man_Body.uasset" 63
"../../../../../the island/project/SWProject/Content/Mannequin/Character/Textures/UE4Man_Logo_N.uasset" 64
"../../../../../the island/project/SWProject/Content/Mannequin/Character/Materials/M_UE4Man_ChestLogo.uasset" 65
"../../../../../the island/project/SWProject/Content/Mannequin/Character/Mesh/SK_Mannequin_PhysicsAsset.uasset" 66
"../../../../../the island/project/SWProject/Content/Mannequin/Character/Mesh/SK_Mannequin.uasset" 67
"../../../../../the island/project/SWProject/Content/ThirdPerson/Meshes/RampMaterial.uasset" 68
"../../../../../the island/project/SWProject/Content/ThirdPerson/Meshes/Bump_StaticMesh.uasset" 69
"../../../../../the island/project/SWProject/Content/ThirdPerson/Meshes/LeftArm_StaticMesh.uasset" 70
"../../../../../the island/project/SWProject/Content/ThirdPerson/Meshes/Linear_Stair_StaticMesh.uasset" 71
"../../../../../the island/project/SWProject/Content/ThirdPerson/Meshes/Ramp_StaticMesh.uasset" 72
"../../../../../the island/project/SWProject/Content/ThirdPerson/Meshes/RightArm_StaticMesh.uasset" 73
"../../../Engine/Content/Animation/DefaultAnimCurveCompressionSettings.uasset" 74
"../../../Engine/Content/Functions/Engine_MaterialFunctions01/Opacity/CameraDepthFade.uasset" 75
"../../../Engine/Content/EngineMaterials/T_Default_Material_Grid_M.uasset" 76
"../../../Engine/Content/EngineMaterials/T_Default_Material_Grid_N.uasset" 77
"../../../Engine/Content/EngineMaterials/WorldGridMaterial.uasset" 78
"../../../Engine/Content/ArtTools/RenderToTexture/Meshes/S_1_Unit_Plane.uasset" 79
"../../../Engine/Content/EngineMaterials/DefaultMaterial.uasset" 80
"../../../Engine/Content/BasicShapes/Cone.uasset" 81
"../../../Engine/Content/BasicShapes/Cube.uasset" 82
"../../../Engine/Content/BasicShapes/Cylinder.uasset" 83
"../../../Engine/Content/BasicShapes/Plane.uasset" 84
"../../../Engine/Content/BasicShapes/Sphere.uasset" 85
"../../../Engine/Content/EditorLandscapeResources/DataLayer.uasset" 86
"../../../Engine/Content/EditorMaterials/MAT_Groups_Toggle.uasset" 87
"../../../Engine/Content/EditorMaterials/MAT_Groups_Visibility.uasset" 88
"../../../Engine/Content/EditorMaterials/PreviewShadowIndicator.uasset" 89
"../../../Engine/Content/EditorMaterials/PreviewShadowIndicatorMaterial.uasset" 90
"../../../Engine/Content/EditorMaterials/MatineeGroups/MAT_ColorTrack.uasset" 91
"../../../Engine/Content/EditorMaterials/MatineeGroups/MAT_Groups_Anim.uasset" 92
"../../../Engine/Content/EditorMaterials/MatineeGroups/MAT_Groups_AudioMaster.uasset" 93
"../../../Engine/Content/EditorMaterials/MatineeGroups/MAT_Groups_Director.uasset" 94
"../../../Engine/Content/EditorMaterials/MatineeGroups/MAT_Groups_Event.uasset" 95
"../../../Engine/Content/EditorMaterials/MatineeGroups/MAT_Groups_Fade.uasset" 96
"../../../Engine/Content/EditorMaterials/MatineeGroups/MAT_Groups_Float.uasset" 97
"../../../Engine/Content/EditorMaterials/MatineeGroups/MAT_Groups_Move.uasset" 98
"../../../Engine/Content/EditorMaterials/MatineeGroups/MAT_Groups_Slomo.uasset" 99
"../../../Engine/Content/EditorMaterials/MatineeGroups/MAT_Groups_Sound.uasset" 100
"../../../Engine/Content/EditorMaterials/MatineeGroups/MAT_Groups_Vector.uasset" 101
"../../../Engine/Content/EditorMaterials/ParticleSystems/PSysThumbnail_NoImage.uasset" 102
"../../../Engine/Content/EditorMaterials/ParticleSystems/PSysThumbnail_OOD.uasset" 103
"../../../Engine/Content/EditorMaterials/Camera/CineMat.uasset" 104
"../../../Engine/Content/EditorMaterials/Camera/MI_CineMat_Rig.uasset" 105
"../../../Engine/Content/EditorMeshes/Camera/SM_CraneRig_Arm.uasset" 106
"../../../Engine/Content/EditorMeshes/Camera/SM_CraneRig_Base.uasset" 107
"../../../Engine/Content/EditorMeshes/Camera/SM_CraneRig_Body.uasset" 108
"../../../Engine/Content/EditorMeshes/Camera/SM_CraneRig_Mount.uasset" 109
"../../../Engine/Content/EditorMeshes/Camera/SM_RailRig_Mount.uasset" 110
"../../../Engine/Content/EditorMeshes/Camera/SM_RailRig_Track.uasset" 111
"../../../Engine/Content/EditorResources/BSPVertex.uasset" 112
"../../../Engine/Content/EditorResources/EmptyActor.uasset" 113
"../../../Engine/Content/EditorResources/S_Actor.uasset" 114
"../../../Engine/Content/EditorResources/S_Note.uasset" 115
"../../../Engine/Content/EditorResources/S_Solver.uasset" 116
"../../../Engine/Content/EditorResources/S_Trigger.uasset" 117
"../../../Engine/Content/EditorResources/LightIcons/S_LightError.uasset" 118
"../../../Engine/Content/EditorResources/SequenceRecorder/Countdown.uasset" 119
"../../../Engine/Content/EditorResources/SequenceRecorder/RecordingIndicator.uasset" 120
"../../../Engine/Content/EditorSounds/Notifications/CompileFailed.uasset" 121
"../../../Engine/Content/EditorSounds/Notifications/CompileFailed_Cue.uasset" 122
"../../../Engine/Content/EditorSounds/Notifications/CompileSuccess.uasset" 123
"../../../Engine/Content/EditorSounds/Notifications/CompileStart_Cue.uasset" 124
"../../../Engine/Content/EditorSounds/Notifications/CompileSuccess_Cue.uasset" 125
"../../../Engine/Content/EngineDamageTypes/DmgTypeBP_Environmental.uasset" 126
"../../../Engine/Content/EngineDebugMaterials/DebugEditorMaterial.uasset" 127
"../../../Engine/Content/EngineDebugMaterials/DebugMeshMaterial.uasset" 128
"../../../Engine/Content/EngineDebugMaterials/M_SimpleUnlitTranslucent.uasset" 129
"../../../Engine/Content/Functions/Engine_MaterialFunctions02/Utility/CameraDirectionVector.uasset" 130
"../../../Engine/Content/EngineDebugMaterials/VolumeToRender.uasset" 131
"../../../Engine/Content/EngineDebugMaterials/M_VolumeRenderSphereTracePP.uasset" 132
"../../../Engine/Content/EngineDebugMaterials/WireframeMaterial.uasset" 133
"../../../Engine/Content/EngineFonts/Faces/DroidSansFallback.uasset" 134
"../../../Engine/Content/EngineFonts/Faces/RobotoBold.uasset" 135
"../../../Engine/Content/EngineFonts/Faces/RobotoBoldItalic.uasset" 136
"../../../Engine/Content/EngineFonts/Faces/RobotoItalic.uasset" 137
"../../../Engine/Content/EngineFonts/Faces/RobotoLight.uasset" 138
"../../../Engine/Content/EngineFonts/Faces/RobotoRegular.uasset" 139
"../../../Engine/Content/EngineFonts/Roboto.uasset" 140
"../../../Engine/Content/EngineMaterials/BaseFlattenDiffuseMap.uasset" 141
"../../../Engine/Content/EngineMaterials/BaseFlattenEmissiveMap.uasset" 142
"../../../Engine/Content/EngineMaterials/BaseFlattenGrayscaleMap.uasset" 143
"../../../Engine/Content/EngineMaterials/BaseFlattenNormalMap.uasset" 144
"../../../Engine/Content/EngineMaterials/BaseFlattenMaterial.uasset" 145
"../../../Engine/Content/EngineMaterials/BlueNoise.uasset" 146
"../../../Engine/Content/EngineMaterials/DefaultBloomKernel.uasset" 147
"../../../Engine/Content/EngineMaterials/DefaultBokeh.uasset" 148
"../../../Engine/Content/EngineMaterials/DefaultDiffuse.uasset" 149
"../../../Engine/Content/EngineMaterials/DefaultDeferredDecalMaterial.uasset" 150
"../../../Engine/Content/EngineMaterials/DefaultLightFunctionMaterial.uasset" 151
"../../../Engine/Content/Functions/Engine_MaterialFunctions02/Utility/BreakOutFloat2Components.uasset" 152
"../../../Engine/Content/EngineMaterials/DefaultPostProcessMaterial.uasset" 153
"../../../Engine/Content/EngineFonts/RobotoDistanceField.uasset" 154
"../../../Engine/Content/EngineMaterials/DefaultTextMaterialOpaque.uasset" 155
"../../../Engine/Content/EngineMaterials/DefaultWhiteGrid.uasset" 156
"../../../Engine/Content/EngineMaterials/DefaultWhiteGrid_Low.uasset" 157
"../../../Engine/Content/EngineMaterials/EmissiveMeshMaterial.uasset" 158
"../../../Engine/Content/EngineMaterials/GizmoMaterial.uasset" 159
"../../../Engine/Content/EngineMaterials/Good64x64TilingNoiseHighFreq.uasset" 160
"../../../Engine/Content/EngineMaterials/MiniFont.uasset" 161
"../../../Engine/Content/EngineMaterials/InvalidLightmapSettings.uasset" 162
"../../../Engine/Content/EngineMaterials/M_InvalidLightmapSettings.uasset" 163
"../../../Engine/Content/Functions/Engine_MaterialFunctions02/WorldPositionOffset/CameraOffset.uasset" 164
"../../../Engine/Content/EngineMaterials/PhAT_JointLimitMaterial.uasset" 165
"../../../Engine/Content/EngineMaterials/PreintegratedSkinBRDF.uasset" 166
"../../../Engine/Content/EngineMaterials/RemoveSurfaceMaterial.uasset" 167
"../../../Engine/Content/EngineResources/WhiteSquareTexture.uasset" 168
"../../../Engine/Content/EngineMaterials/Widget3DPassThrough.uasset" 169
"../../../Engine/Content/EngineMaterials/Widget3DPassThrough_Masked.uasset" 170
"../../../Engine/Content/EngineMaterials/Widget3DPassThrough_Opaque.uasset" 171
"../../../Engine/Content/EngineMaterials/Widget3DPassThrough_Masked_OneSided.uasset" 172
"../../../Engine/Content/EngineMaterials/Widget3DPassThrough_Opaque_OneSided.uasset" 173
"../../../Engine/Content/EngineMaterials/Widget3DPassThrough_Translucent.uasset" 174
"../../../Engine/Content/EngineMaterials/Widget3DPassThrough_Translucent_OneSided.uasset" 175
"../../../Engine/Content/EngineMeshes/Cylinder.uasset" 176
"../../../Engine/Content/EngineMeshes/Sphere.uasset" 177
"../../../Engine/Content/EngineResources/Black.uasset" 178
"../../../Engine/Content/EngineResources/DefaultTexture.uasset" 179
"../../../Engine/Content/EngineResources/DefaultTextureCube.uasset" 180
"../../../Engine/Content/EngineResources/DefaultVolumeTexture2D.uasset" 181
"../../../Engine/Content/EngineResources/DefaultVolumeTexture.uasset" 182
"../../../Engine/Content/EngineResources/GradientTexture0.uasset" 183
"../../../Engine/Content/EngineSounds/Master.uasset" 184
"../../../Engine/Content/Functions/Engine_MaterialFunctions01/Shading/ConvertFromDiffSpec.uasset" 185
"../../../Engine/Content/Functions/Engine_MaterialFunctions01/Shading/PowerToRoughness.uasset" 186
"../../../Engine/Content/Maps/Templates/Thumbnails/Default.uasset" 187
"../../../Engine/Content/Maps/Templates/Thumbnails/TimeOfDay.uasset" 188
"../../../Engine/Content/Maps/Templates/Thumbnails/VR-Basic.uasset" 189
"../../../Engine/Content/MobileResources/T_MobileControls_texture.uasset" 190
"../../../Engine/Content/MobileResources/T_MobileMenu2.uasset" 191
"../../../Engine/Content/MobileResources/HUD/AnalogHat.uasset" 192
"../../../Engine/Content/MobileResources/HUD/VirtualJoystick_Background.uasset" 193
"../../../Engine/Content/MobileResources/HUD/VirtualJoystick_Thumb.uasset" 194
"../../../Engine/Content/MobileResources/HUD/DefaultVirtualJoysticks.uasset" 195
"../../../Engine/Content/MobileResources/HUD/LeftVirtualJoystickOnly.uasset" 196
"../../../Engine/Content/MobileResources/HUD/MobileHUDButton1_off.uasset" 197
"../../../Engine/Content/MobileResources/HUD/MobileHUDButton1_on.uasset" 198
"../../../Engine/Content/MobileResources/HUD/MobileHUDButton2_off.uasset" 199
"../../../Engine/Content/MobileResources/HUD/MobileHUDButton2_on.uasset" 200
"../../../Engine/Content/MobileResources/HUD/MobileHUDButton3.uasset" 201
"../../../Engine/Content/MobileResources/HUD/MobileHUDButtonFire.uasset" 202
"../../../Engine/Content/MobileResources/HUD/MobileHUDDirectionPad.uasset" 203
"../../../Engine/Content/MobileResources/HUD/MobileHUDDirectionPad2.uasset" 204
"../../../Engine/Content/MobileResources/HUD/MobileHUDDirectionPad3.uasset" 205
"../../../Engine/Content/MobileResources/HUD/MobileHUDDirectionStick.uasset" 206
"../../../Engine/Content/MobileResources/HUD/T_Castle_ThumbstickInner.uasset" 207
"../../../Engine/Content/MobileResources/HUD/T_Castle_ThumbstickOutter.uasset" 208
"../../../Engine/Content/Tutorial/ContentIntroCurve.uasset" 209
"../../../Engine/Content/Tutorial/Basics/LevelEditorAttract.uasset" 210
"../../../Engine/Content/Tutorial/Basics/TutorialAssets/icon_tab_Levels_40x.uasset" 211
"../../../Engine/Content/Tutorial/Basics/LevelEditorOverview.uasset" 212
"../../../Engine/Content/Tutorial/BlueprintTutorials/TutorialAssets/Blueprint_64x.uasset" 213
"../../../Engine/Content/Tutorial/BlueprintTutorials/BlueprintEditorTutorial.uasset" 214
"../../../Engine/Content/Tutorial/Landscape/TutorialAssets/Landscape.uasset" 215
"../../../Engine/Content/Tutorial/Landscape/LandscapeWalkThrough.uasset" 216
"../../../Engine/Content/Tutorial/Landscape/Landscape_Manage_Mode.uasset" 217
"../../../Engine/Content/Tutorial/Landscape/Landscape_Painting_Mode.uasset" 218
"../../../Engine/Content/Tutorial/Landscape/Landscape_Sculpt_Mode.uasset" 219
"../../../Engine/Content/VREditor/LaserPointer/VR_LaserPower_01.uasset" 220
"../../../Engine/Content/VREditor/TransformGizmo/TransformGizmoMaterial.uasset" 221
"../../../Engine/Content/VREditor/TransformGizmo/TranslucentTransformGizmoMaterial.uasset" 222
"../../../Engine/Content/VREditor/TransformGizmo/BoundingBoxCorner.uasset" 223
"../../../Engine/Content/VREditor/TransformGizmo/BoundingBoxEdge.uasset" 224
"../../../Engine/Content/VREditor/TransformGizmo/PlaneTranslationHandle.uasset" 225
"../../../Engine/Content/VREditor/TransformGizmo/Main.uasset" 226
"../../../Engine/Content/VREditor/TransformGizmo/Xray.uasset" 227
"../../../Engine/Content/VREditor/TransformGizmo/SM_Sequencer_Key.uasset" 228
"../../../Engine/Content/VREditor/TransformGizmo/SM_Sequencer_Node.uasset" 229
"../../Plugins/2D/Paper2D/Content/PlaceholderTextures/DummySpriteTexture.uasset" 230
"../../Plugins/2D/Paper2D/Content/DummySprite.uasset" 231
"../../Plugins/2D/Paper2D/Content/DefaultPaperTerrainMaterial.uasset" 232
"../../Plugins/2D/Paper2D/Content/DefaultSpriteMaterial.uasset" 233
"../../Plugins/2D/Paper2D/Content/MaskedUnlitSpriteMaterial.uasset" 234
"../../Plugins/2D/Paper2D/Content/OpaqueUnlitSpriteMaterial.uasset" 235
"../../Plugins/FX/Niagara/Content/Enums/ENiagaraBooleanLogicOps.uasset" 236
"../../Plugins/FX/Niagara/Content/Enums/ENiagaraOrientationAxis.uasset" 237
"../../../Engine/Content/Functions/Engine_MaterialFunctions02/Utility/BreakOutFloat4Components.uasset" 238
"../../../Engine/Content/Functions/Engine_MaterialFunctions02/Utility/MakeFloat2.uasset" 239
"../../../Engine/Content/Functions/Engine_MaterialFunctions02/Utility/MakeFloat3.uasset" 240
"../../Plugins/Runtime/Oculus/OculusVR/Content/Materials/OculusMR_ChromaKey.uasset" 241
"../../Plugins/Runtime/Oculus/OculusVR/Content/Materials/OculusMR_ChromaKey_Lit.uasset" 242
"../../Plugins/Runtime/Oculus/OculusVR/Content/Materials/OculusMR_OpaqueColoredMaterial.uasset" 243
"../../Plugins/Runtime/Oculus/OculusVR/Content/Materials/OculusMR_WhiteMaterial.uasset" 244
"../../../Engine/Content/EngineSky/C_Sky_Cloud_Color.uasset" 245
"../../../Engine/Content/EngineSky/C_Sky_Horizon_Color.uasset" 246
"../../../Engine/Content/EngineSky/C_Sky_Zenith_Color.uasset" 247
"../../../Engine/Content/EngineSky/T_Sky_Blue.uasset" 248
"../../../Engine/Content/EngineSky/T_Sky_Clouds_M.uasset" 249
"../../../Engine/Content/EngineSky/T_Sky_Stars.uasset" 250
"../../../Engine/Content/EngineSky/M_Sky_Panning_Clouds2.uasset" 251
"../../../Engine/Content/EngineSky/SM_SkySphere.uasset" 252
"../../../Engine/Content/EngineSky/BP_Sky_Sphere.uasset" 253
"../../../../../the island/project/SWProject/Content/assets/characters/swatGuy/animations/Idle.uasset" 254
"../../../../../the island/project/SWProject/Content/assets/characters/swatGuy/animations/Running.uasset" 255
"../../../../../the island/project/SWProject/Content/assets/characters/swatGuy/animations/Walking.uasset" 256
"../../../../../the island/project/SWProject/Content/assets/characters/swatGuy/animations/walk-runBS.uasset" 257
"../../../../../the island/project/SWProject/Content/assets/characters/swatGuy/animations/swatGuyAnimBP.uasset" 258
"../../../../../the island/project/SWProject/Content/assets/characters/swatGuy/animations/PistolHide.uasset" 259
"../../../../../the island/project/SWProject/Content/assets/characters/swatGuy/animations/PistolHide_Montage.uasset" 260
"../../../../../the island/project/SWProject/Content/bluePrints/ControllerBP.uasset" 261
"../../../../../the island/project/SWProject/Content/bluePrints/weapons/weaponType.uasset" 262
"../../../../../the island/project/SWProject/Content/bluePrints/weapons/itemType.uasset" 263
"../../../../../the island/project/SWProject/Content/bluePrints/weaponMasterBP.uasset" 264
"../../../../../the island/project/SWProject/Content/assets/weapons/glock1/Glock.uasset" 265
"../../../../../the island/project/SWProject/Content/bluePrints/weapons/glock1.uasset" 266
"../../../../../the island/project/SWProject/Content/assets/characters/swatGuy/T_Ch1Diffuse.uasset" 267
"../../../../../the island/project/SWProject/Content/assets/characters/swatGuy/T_Ch1Glossiness.uasset" 268
"../../../../../the island/project/SWProject/Content/assets/characters/swatGuy/T_Ch1Normal.uasset" 269
"../../../../../the island/project/SWProject/Content/assets/characters/swatGuy/Ch15_body.uasset" 270
"../../../../../the island/project/SWProject/Content/assets/characters/swatGuy/T_Ch2Diffuse.uasset" 271
"../../../../../the island/project/SWProject/Content/assets/characters/swatGuy/T_Ch2Emissive.uasset" 272
"../../../../../the island/project/SWProject/Content/assets/characters/swatGuy/T_Ch2Glossiness.uasset" 273
"../../../../../the island/project/SWProject/Content/assets/characters/swatGuy/T_Ch2Normal.uasset" 274
"../../../../../the island/project/SWProject/Content/assets/characters/swatGuy/Ch15_body1.uasset" 275
"../../../../../the island/project/SWProject/Content/assets/characters/swatGuy/swatGuy_PhysicsAsset.uasset" 276
"../../../../../the island/project/SWProject/Content/assets/characters/swatGuy/swatGuy.uasset" 277
"../../../../../the island/project/SWProject/Content/assets/for_the_prototype/howToPlay.uasset" 278
"../../../../../the island/project/SWProject/Content/assets/for_the_prototype/hud.uasset" 279
"../../../../../the island/project/SWProject/Content/bluePrints/ThirdPersonCharacter.uasset" 280
"../../../../../the island/project/SWProject/Content/bluePrints/ThirdPersonGameMode.uasset" 281
"../../../../../the island/project/SWProject/Content/levels/L_BuiltData.uasset" 282
"../../../../../the island/project/SWProject/Content/levels/L.umap" 283
"../../../../../the island/project/SWProject/Content/levels/LandscapeWeightLayers/Dirt_LayerInfo.uasset" 284
"../../../../../the island/project/SWProject/Content/levels/LandscapeWeightLayers/Generated_LayerInfo.uasset" 285
"../../../../../the island/project/SWProject/Content/levels/LandscapeWeightLayers/Grass_LayerInfo.uasset" 286
"../../../../../the island/project/SWProject/Content/levels/LandscapeWeightLayers/Path_LayerInfo.uasset" 287
"../../../../../the island/project/SWProject/Content/levels/LandscapeWeightLayers/Snow_LayerInfo.uasset" 288
"../../../../../the island/project/SWProject/Content/levels/LandscapeWeightLayers/Stone_LayerInfo.uasset" 289
"../../Plugins/FX/Niagara/Content/DefaultAssets/DefaultSpriteMaterial.uasset" 290
"../../Plugins/FX/Niagara/Content/DefaultAssets/M_Gnomon_Alpha.uasset" 291
"../../Plugins/FX/Niagara/Content/DynamicInputs/Angles/NormalizedAngleToDegrees.uasset" 292
"../../Plugins/FX/Niagara/Content/DynamicInputs/Helpers/SimulationPosition.uasset" 293
"../../Plugins/FX/Niagara/Content/DynamicInputs/TypeConversions/Vector2DFromFloat.uasset" 294
"../../Plugins/FX/Niagara/Content/DynamicInputs/TypeConversions/VectorFromFloat.uasset" 295
"../../Plugins/FX/Niagara/Content/Enums/ENiagaraRandomnessMode.uasset" 296
"../../Plugins/FX/Niagara/Content/Functions/GetRandomInfo.uasset" 297
"../../Plugins/FX/Niagara/Content/Functions/RandomRangeFloat.uasset" 298
"../../Plugins/FX/Niagara/Content/DynamicInputs/UniformRange/UniformRangedFloat.uasset" 299
"../../Plugins/FX/Niagara/Content/DynamicInputs/ValueFromCurve/FloatFromCurve.uasset" 300
"../../Plugins/FX/Niagara/Content/Functions/Localspace/SimulationPosition.uasset" 301
"../../Plugins/FX/Niagara/Content/Functions/Emitter/EmitterChangeState.uasset" 302
"../../Plugins/FX/Niagara/Content/Enums/ENiagara_EmitterStateOptions.uasset" 303
"../../Plugins/FX/Niagara/Content/Enums/ENiagara_InfiniteLoopDuration.uasset" 304
"../../Plugins/FX/Niagara/Content/Enums/ENiagaraEmitterLifeCycleMode.uasset" 305
"../../Plugins/FX/Niagara/Content/Enums/ENiagaraEmitterScalabilityMode_Limited.uasset" 306
"../../Plugins/FX/Niagara/Content/Enums/ENiagaraExecutionStateManagement.uasset" 307
"../../Plugins/FX/Niagara/Content/Enums/ENiagaraInactiveMode.uasset" 308
"../../Plugins/FX/Niagara/Content/Modules/Emitter/EmitterState.uasset" 309
"../../Plugins/FX/Niagara/Content/Modules/Emitter/SpawnBurst_Instantaneous.uasset" 310
"../../Plugins/FX/Niagara/Content/Functions/DirectionAndLengthSafe.uasset" 311
"../../Plugins/FX/Niagara/Content/Modules/Solvers/SolveForcesAndVelocity.uasset" 312
"../../Plugins/FX/Niagara/Content/Modules/Spawn/Initialization/InitializeParticle.uasset" 313
"../../Plugins/FX/Niagara/Content/Enums/ENiagaraCoordinateSpace.uasset" 314
"../../Plugins/FX/Niagara/Content/Functions/Localspace/TransformBase.uasset" 315
"../../Plugins/FX/Niagara/Content/Functions/Localspace/TransformVector.uasset" 316
"../../Plugins/FX/Niagara/Content/Functions/RandomPointInSphere.uasset" 317
"../../Plugins/FX/Niagara/Content/Enums/ENiagaraExpansionMode.uasset" 318
"../../Plugins/FX/Niagara/Content/Enums/ENiagaraTorusDistributionMode.uasset" 319
"../../Plugins/FX/Niagara/Content/Modules/Spawn/Location/SphereLocation.uasset" 320
"../../Plugins/FX/Niagara/Content/Functions/NormalizeDistanceRange.uasset" 321
"../../Plugins/FX/Niagara/Content/Functions/DistanceBasedFalloff.uasset" 322
"../../Plugins/FX/Niagara/Content/Functions/RandomUnitVector.uasset" 323
"../../Plugins/FX/Niagara/Content/Functions/RandomVector.uasset" 324
"../../Plugins/FX/Niagara/Content/Modules/Spawn/Velocity/AddVelocityFromPoint.uasset" 325
"../../Plugins/FX/Niagara/Content/Functions/Math/RemapValueRange.uasset" 326
"../../Plugins/FX/Niagara/Content/Functions/PolarToCartesianCoordinates.uasset" 327
"../../Plugins/FX/Niagara/Content/Functions/RandomVectorInCone.uasset" 328
"../../Plugins/FX/Niagara/Content/Functions/Rotation/FindQuatBetween.uasset" 329
"../../Plugins/FX/Niagara/Content/Functions/Rotation/MultiplyVectorWithQuaternion.uasset" 330
"../../Plugins/FX/Niagara/Content/Modules/Spawn/Velocity/AddVelocityInCone.uasset" 331
"../../Plugins/FX/Niagara/Content/Functions/System/SystemChangeState.uasset" 332
"../../Plugins/FX/Niagara/Content/Enums/ENiagaraSystemInactiveMode.uasset" 333
"../../Plugins/FX/Niagara/Content/Modules/System/SystemState.uasset" 334
"../../Plugins/FX/Niagara/Content/Enums/ENiagaraScaleColorMode.uasset" 335
"../../Plugins/FX/Niagara/Content/Modules/Update/Color/ScaleColor.uasset" 336
"../../Plugins/FX/Niagara/Content/Modules/Update/Forces/Drag.uasset" 337
"../../Plugins/FX/Niagara/Content/Modules/Update/Forces/GravityForce.uasset" 338
"../../Plugins/FX/Niagara/Content/Modules/Update/Lifetime/ParticleState.uasset" 339
"../../Plugins/FX/Niagara/Content/Enums/ENiagaraMassByVolume.uasset" 340
"../../Plugins/FX/Niagara/Content/Modules/Update/Mass/CalculateSizeAndRotationalInertiaByMass.uasset" 341
"../../Plugins/FX/Niagara/Content/Modules/Update/Size/ScaleMeshSize.uasset" 342
"../../Plugins/FX/Niagara/Content/Modules/Update/Size/ScaleSpriteSize.uasset" 343
"../../Plugins/FX/Niagara/Content/DefaultAssets/M_Gnomon.uasset" 344
"../../Plugins/FX/Niagara/Content/DefaultAssets/S_Arrow.uasset" 345
"../../../../../the island/project/SWProject/Content/assets/for_the_prototype/NewNiagaraSystem.uasset" 346
"../../../Engine/Content/EngineMaterials/DefaultPhysicalMaterial.uasset" 347
"../../../../../the island/project/SWProject/Content/levels/landScape.umap" 348
"../../../../../the island/project/SWProject/Content/assets/for_the_prototype/exit.uasset" 349
"../../../../../the island/project/SWProject/Content/assets/for_the_prototype/Screenshot_2020-12-19_184859.uasset" 350
"../../../../../the island/project/SWProject/Content/assets/for_the_prototype/start.uasset" 351
"../../../../../the island/project/SWProject/Content/assets/for_the_prototype/mainMenue.uasset" 352
"../../../../../the island/project/SWProject/Content/bluePrints/mainMenueHUD.uasset" 353
"../../../../../the island/project/SWProject/Content/bluePrints/menuController.uasset" 354
"../../../../../the island/project/SWProject/Content/bluePrints/mainMenueGM.uasset" 355
"../../../../../the island/project/SWProject/Content/levels/mainMenue_BuiltData.uasset" 356
"../../../../../the island/project/SWProject/Content/levels/mainMenue.umap" 357
"../../../../../the island/project/SWProject/Content/levels/testingLevel_BuiltData.uasset" 358
"../../../Engine/Content/MapTemplates/SM_Template_Map_Floor.uasset" 359
"../../../../../the island/project/SWProject/Content/levels/testingLevel.umap" 360
"../../../../../the island/project/SWProject/Content/assets/Textures/M.uasset" 361
"../../../../../the island/project/SWProject/Content/levels/output/output_x0_y0.umap" 362
"../../../../../the island/project/SWProject/Content/levels/output/output_x0_y1.umap" 363
"../../../../../the island/project/SWProject/Content/levels/output/output_x0_y2.umap" 364
"../../../../../the island/project/SWProject/Content/levels/output/output_x0_y3.umap" 365
"../../../../../the island/project/SWProject/Content/levels/output/output_x1_y0.umap" 366
"../../../../../the island/project/SWProject/Content/levels/output/output_x1_y1.umap" 367
"../../../../../the island/project/SWProject/Content/levels/output/output_x1_y2.umap" 368
"../../../../../the island/project/SWProject/Content/levels/output/output_x1_y3.umap" 369
"../../../../../the island/project/SWProject/Content/levels/output/output_x2_y0.umap" 370
"../../../../../the island/project/SWProject/Content/levels/output/output_x2_y1.umap" 371
"../../../../../the island/project/SWProject/Content/levels/output/output_x2_y2.umap" 372
"../../../../../the island/project/SWProject/Content/levels/output/output_x2_y3.umap" 373
"../../../../../the island/project/SWProject/Content/levels/output/output_x3_y0.umap" 374
"../../../../../the island/project/SWProject/Content/levels/output/output_x3_y1.umap" 375
"../../../../../the island/project/SWProject/Content/levels/output/output_x3_y2.umap" 376
"../../../../../the island/project/SWProject/Content/levels/output/output_x3_y3.umap" 377
"../../../Engine/Content/Maps/Entry_BuiltData.uasset" 378
"../../../Engine/Content/Maps/Entry.umap" 379
